# JRE version: OpenJDK Runtime Environment (17.0.7) (build 17.0.7+0-b2043.56-10550314)
# Java VM: OpenJDK 64-Bit Server VM (17.0.7+0-b2043.56-10550314, mixed mode, tiered, compressed oops, compressed class ptrs, g1 gc, windows-amd64)
GC Precious Log:
 CPUs: 12 total, 12 available
 Memory: 7967M
 Large Page Support: Disabled
 NUMA Support: Disabled
 Compressed Oops: Enabled (32-bit)
 Heap Region Size: 1M
 Heap Min Capacity: 8M
 Heap Initial Capacity: 126M
 Heap Max Capacity: 2G
 Pre-touch: Disabled
 Parallel Workers: 10
 Concurrent Workers: 3
 Concurrent Refinement Workers: 10
 Periodic GC: Disabled
Heap:
 garbage-first heap   total 313344K, used 203911K [0x0000000080000000, 0x0000000100000000)
  region size 1024K, 8 young (8192K), 8 survivors (8192K)
 Metaspace       used 128558K, committed 129408K, reserved 1179648K
  class space    used 17828K, committed 18240K, reserved 1048576K
GC Heap History (20 events):
Event: 12.775 GC heap after
{Heap after GC invocations=45 (full 0):
 garbage-first heap   total 313344K, used 93645K [0x0000000080000000, 0x0000000100000000)
  region size 1024K, 1 young (1024K), 1 survivors (1024K)
 Metaspace       used 97652K, committed 98304K, reserved 1179648K
  class space    used 13439K, committed 13760K, reserved 1048576K
}
Event: 14.314 GC heap before
{Heap before GC invocations=45 (full 0):
 garbage-first heap   total 313344K, used 256461K [0x0000000080000000, 0x0000000100000000)
  region size 1024K, 156 young (159744K), 1 survivors (1024K)
 Metaspace       used 103031K, committed 103744K, reserved 1179648K
  class space    used 14217K, committed 14592K, reserved 1048576K
}
Event: 14.329 GC heap after
{Heap after GC invocations=46 (full 0):
 garbage-first heap   total 313344K, used 108240K [0x0000000080000000, 0x0000000100000000)
  region size 1024K, 16 young (16384K), 16 survivors (16384K)
 Metaspace       used 103031K, committed 103744K, reserved 1179648K
  class space    used 14217K, committed 14592K, reserved 1048576K
}
Event: 16.140 GC heap before
{Heap before GC invocations=46 (full 0):
 garbage-first heap   total 313344K, used 252624K [0x0000000080000000, 0x0000000100000000)
  region size 1024K, 139 young (142336K), 16 survivors (16384K)
 Metaspace       used 106321K, committed 107136K, reserved 1179648K
  class space    used 14566K, committed 14976K, reserved 1048576K
}
Event: 16.181 GC heap after
{Heap after GC invocations=47 (full 0):
 garbage-first heap   total 313344K, used 151137K [0x0000000080000000, 0x0000000100000000)
  region size 1024K, 18 young (18432K), 18 survivors (18432K)
 Metaspace       used 106321K, committed 107136K, reserved 1179648K
  class space    used 14566K, committed 14976K, reserved 1048576K
}
Event: 16.884 GC heap before
{Heap before GC invocations=47 (full 0):
 garbage-first heap   total 313344K, used 253537K [0x0000000080000000, 0x0000000100000000)
  region size 1024K, 102 young (104448K), 18 survivors (18432K)
 Metaspace       used 108643K, committed 109504K, reserved 1179648K
  class space    used 14755K, committed 15168K, reserved 1048576K
}
Event: 16.907 GC heap after
{Heap after GC invocations=48 (full 0):
 garbage-first heap   total 313344K, used 165392K [0x0000000080000000, 0x0000000100000000)
  region size 1024K, 12 young (12288K), 12 survivors (12288K)
 Metaspace       used 108643K, committed 109504K, reserved 1179648K
  class space    used 14755K, committed 15168K, reserved 1048576K
}
Event: 17.269 GC heap before
{Heap before GC invocations=48 (full 0):
 garbage-first heap   total 313344K, used 244240K [0x0000000080000000, 0x0000000100000000)
  region size 1024K, 90 young (92160K), 12 survivors (12288K)
 Metaspace       used 110681K, committed 111488K, reserved 1179648K
  class space    used 14924K, committed 15360K, reserved 1048576K
}
Event: 17.285 GC heap after
{Heap after GC invocations=49 (full 0):
 garbage-first heap   total 313344K, used 173835K [0x0000000080000000, 0x0000000100000000)
  region size 1024K, 8 young (8192K), 8 survivors (8192K)
 Metaspace       used 110681K, committed 111488K, reserved 1179648K
  class space    used 14924K, committed 15360K, reserved 1048576K
}
Event: 18.694 GC heap before
{Heap before GC invocations=49 (full 0):
 garbage-first heap   total 313344K, used 249611K [0x0000000080000000, 0x0000000100000000)
  region size 1024K, 83 young (84992K), 8 survivors (8192K)
 Metaspace       used 112479K, committed 113280K, reserved 1179648K
  class space    used 15091K, committed 15488K, reserved 1048576K
}
Event: 18.699 GC heap after
{Heap after GC invocations=50 (full 0):
 garbage-first heap   total 313344K, used 173295K [0x0000000080000000, 0x0000000100000000)
  region size 1024K, 3 young (3072K), 3 survivors (3072K)
 Metaspace       used 112479K, committed 113280K, reserved 1179648K
  class space    used 15091K, committed 15488K, reserved 1048576K
}
Event: 20.104 GC heap before
{Heap before GC invocations=50 (full 0):
 garbage-first heap   total 313344K, used 253167K [0x0000000080000000, 0x0000000100000000)
  region size 1024K, 82 young (83968K), 3 survivors (3072K)
 Metaspace       used 114387K, committed 115136K, reserved 1179648K
  class space    used 15310K, committed 15680K, reserved 1048576K
}
Event: 20.112 GC heap after
{Heap after GC invocations=51 (full 0):
 garbage-first heap   total 313344K, used 176250K [0x0000000080000000, 0x0000000100000000)
  region size 1024K, 6 young (6144K), 6 survivors (6144K)
 Metaspace       used 114387K, committed 115136K, reserved 1179648K
  class space    used 15310K, committed 15680K, reserved 1048576K
}
Event: 21.504 GC heap before
{Heap before GC invocations=51 (full 0):
 garbage-first heap   total 313344K, used 256122K [0x0000000080000000, 0x0000000100000000)
  region size 1024K, 85 young (87040K), 6 survivors (6144K)
 Metaspace       used 114973K, committed 115776K, reserved 1179648K
  class space    used 15366K, committed 15744K, reserved 1048576K
}
Event: 21.515 GC heap after
{Heap after GC invocations=52 (full 0):
 garbage-first heap   total 313344K, used 180033K [0x0000000080000000, 0x0000000100000000)
  region size 1024K, 9 young (9216K), 9 survivors (9216K)
 Metaspace       used 114973K, committed 115776K, reserved 1179648K
  class space    used 15366K, committed 15744K, reserved 1048576K
}
Event: 22.367 GC heap before
{Heap before GC invocations=52 (full 0):
 garbage-first heap   total 313344K, used 259905K [0x0000000080000000, 0x0000000100000000)
  region size 1024K, 88 young (90112K), 9 survivors (9216K)
 Metaspace       used 120415K, committed 121280K, reserved 1179648K
  class space    used 16223K, committed 16640K, reserved 1048576K
}
Event: 22.380 GC heap after
{Heap after GC invocations=53 (full 0):
 garbage-first heap   total 313344K, used 187013K [0x0000000080000000, 0x0000000100000000)
  region size 1024K, 11 young (11264K), 11 survivors (11264K)
 Metaspace       used 120415K, committed 121280K, reserved 1179648K
  class space    used 16223K, committed 16640K, reserved 1048576K
}
Event: 22.754 GC heap before
{Heap before GC invocations=53 (full 0):
 garbage-first heap   total 313344K, used 260741K [0x0000000080000000, 0x0000000100000000)
  region size 1024K, 84 young (86016K), 11 survivors (11264K)
 Metaspace       used 124886K, committed 125760K, reserved 1179648K
  class space    used 16931K, committed 17344K, reserved 1048576K
}
Event: 22.771 GC heap after
{Heap after GC invocations=54 (full 0):
 garbage-first heap   total 313344K, used 196872K [0x0000000080000000, 0x0000000100000000)
  region size 1024K, 11 young (11264K), 11 survivors (11264K)
 Metaspace       used 124886K, committed 125760K, reserved 1179648K
  class space    used 16931K, committed 17344K, reserved 1048576K
}
Event: 22.997 GC heap before
{Heap before GC invocations=54 (full 0):
 garbage-first heap   total 313344K, used 259336K [0x0000000080000000, 0x0000000100000000)
  region size 1024K, 73 young (74752K), 11 survivors (11264K)
 Metaspace       used 128558K, committed 129408K, reserved 1179648K
  class space    used 17828K, committed 18240K, reserved 1048576K
}

