# JRE version: OpenJDK Runtime Environment (17.0.7) (build 17.0.7+0-b2043.56-10550314)
# Java VM: OpenJDK 64-Bit Server VM (17.0.7+0-b2043.56-10550314, mixed mode, tiered, compressed oops, compressed class ptrs, g1 gc, windows-amd64)
GC Precious Log:
 CPUs: 12 total, 12 available
 Memory: 7967M
 Large Page Support: Disabled
 NUMA Support: Disabled
 Compressed Oops: Enabled (32-bit)
 Heap Region Size: 1M
 Heap Min Capacity: 8M
 Heap Initial Capacity: 126M
 Heap Max Capacity: 2G
 Pre-touch: Disabled
 Parallel Workers: 10
 Concurrent Workers: 3
 Concurrent Refinement Workers: 10
 Periodic GC: Disabled
Heap:
 garbage-first heap   total 317440K, used 144558K [0x0000000080000000, 0x0000000100000000)
  region size 1024K, 3 young (3072K), 3 survivors (3072K)
 Metaspace       used 124469K, committed 125248K, reserved 1179648K
  class space    used 17952K, committed 18304K, reserved 1048576K
GC Heap History (20 events):
Event: 29.734 GC heap after
{Heap after GC invocations=35 (full 0):
 garbage-first heap   total 250880K, used 123222K [0x0000000080000000, 0x0000000100000000)
  region size 1024K, 8 young (8192K), 8 survivors (8192K)
 Metaspace       used 103570K, committed 104384K, reserved 1179648K
  class space    used 14126K, committed 14528K, reserved 1048576K
}
Event: 30.548 GC heap before
{Heap before GC invocations=35 (full 0):
 garbage-first heap   total 250880K, used 176470K [0x0000000080000000, 0x0000000100000000)
  region size 1024K, 62 young (63488K), 8 survivors (8192K)
 Metaspace       used 105644K, committed 106368K, reserved 1179648K
  class space    used 14436K, committed 14784K, reserved 1048576K
}
Event: 30.560 GC heap after
{Heap after GC invocations=36 (full 0):
 garbage-first heap   total 250880K, used 128544K [0x0000000080000000, 0x0000000100000000)
  region size 1024K, 6 young (6144K), 6 survivors (6144K)
 Metaspace       used 105644K, committed 106368K, reserved 1179648K
  class space    used 14436K, committed 14784K, reserved 1048576K
}
Event: 31.245 GC heap before
{Heap before GC invocations=37 (full 0):
 garbage-first heap   total 250880K, used 199200K [0x0000000080000000, 0x0000000100000000)
  region size 1024K, 80 young (81920K), 6 survivors (6144K)
 Metaspace       used 112215K, committed 112960K, reserved 1179648K
  class space    used 15576K, committed 15936K, reserved 1048576K
}
Event: 31.260 GC heap after
{Heap after GC invocations=38 (full 0):
 garbage-first heap   total 250880K, used 131225K [0x0000000080000000, 0x0000000100000000)
  region size 1024K, 10 young (10240K), 10 survivors (10240K)
 Metaspace       used 112215K, committed 112960K, reserved 1179648K
  class space    used 15576K, committed 15936K, reserved 1048576K
}
Event: 31.285 GC heap before
{Heap before GC invocations=38 (full 0):
 garbage-first heap   total 250880K, used 133273K [0x0000000080000000, 0x0000000100000000)
  region size 1024K, 12 young (12288K), 10 survivors (10240K)
 Metaspace       used 112489K, committed 113280K, reserved 1179648K
  class space    used 15616K, committed 16000K, reserved 1048576K
}
Event: 31.293 GC heap after
{Heap after GC invocations=39 (full 0):
 garbage-first heap   total 250880K, used 131083K [0x0000000080000000, 0x0000000100000000)
  region size 1024K, 2 young (2048K), 2 survivors (2048K)
 Metaspace       used 112489K, committed 113280K, reserved 1179648K
  class space    used 15616K, committed 16000K, reserved 1048576K
}
Event: 31.619 GC heap before
{Heap before GC invocations=39 (full 0):
 garbage-first heap   total 250880K, used 203787K [0x0000000080000000, 0x0000000100000000)
  region size 1024K, 74 young (75776K), 2 survivors (2048K)
 Metaspace       used 116267K, committed 116992K, reserved 1179648K
  class space    used 16413K, committed 16768K, reserved 1048576K
}
Event: 31.630 GC heap after
{Heap after GC invocations=40 (full 0):
 garbage-first heap   total 250880K, used 138750K [0x0000000080000000, 0x0000000100000000)
  region size 1024K, 9 young (9216K), 9 survivors (9216K)
 Metaspace       used 116267K, committed 116992K, reserved 1179648K
  class space    used 16413K, committed 16768K, reserved 1048576K
}
Event: 31.985 GC heap before
{Heap before GC invocations=41 (full 0):
 garbage-first heap   total 256000K, used 204286K [0x0000000080000000, 0x0000000100000000)
  region size 1024K, 74 young (75776K), 9 survivors (9216K)
 Metaspace       used 120970K, committed 121728K, reserved 1179648K
  class space    used 17345K, committed 17728K, reserved 1048576K
}
Event: 31.997 GC heap after
{Heap after GC invocations=42 (full 0):
 garbage-first heap   total 256000K, used 144205K [0x0000000080000000, 0x0000000100000000)
  region size 1024K, 6 young (6144K), 6 survivors (6144K)
 Metaspace       used 120970K, committed 121728K, reserved 1179648K
  class space    used 17345K, committed 17728K, reserved 1048576K
}
Event: 32.014 GC heap before
{Heap before GC invocations=42 (full 0):
 garbage-first heap   total 256000K, used 150349K [0x0000000080000000, 0x0000000100000000)
  region size 1024K, 12 young (12288K), 6 survivors (6144K)
 Metaspace       used 121062K, committed 121792K, reserved 1179648K
  class space    used 17368K, committed 17728K, reserved 1048576K
}
Event: 32.022 GC heap after
{Heap after GC invocations=43 (full 0):
 garbage-first heap   total 256000K, used 143470K [0x0000000080000000, 0x0000000100000000)
  region size 1024K, 2 young (2048K), 2 survivors (2048K)
 Metaspace       used 121062K, committed 121792K, reserved 1179648K
  class space    used 17368K, committed 17728K, reserved 1048576K
}
Event: 32.178 GC heap before
{Heap before GC invocations=43 (full 0):
 garbage-first heap   total 256000K, used 210030K [0x0000000080000000, 0x0000000100000000)
  region size 1024K, 68 young (69632K), 2 survivors (2048K)
 Metaspace       used 121963K, committed 122688K, reserved 1179648K
  class space    used 17504K, committed 17856K, reserved 1048576K
}
Event: 32.182 GC heap after
{Heap after GC invocations=44 (full 0):
 garbage-first heap   total 256000K, used 144985K [0x0000000080000000, 0x0000000100000000)
  region size 1024K, 3 young (3072K), 3 survivors (3072K)
 Metaspace       used 121963K, committed 122688K, reserved 1179648K
  class space    used 17504K, committed 17856K, reserved 1048576K
}
Event: 32.383 GC heap before
{Heap before GC invocations=45 (full 0):
 garbage-first heap   total 317440K, used 212569K [0x0000000080000000, 0x0000000100000000)
  region size 1024K, 70 young (71680K), 3 survivors (3072K)
 Metaspace       used 122673K, committed 123392K, reserved 1179648K
  class space    used 17579K, committed 17920K, reserved 1048576K
}
Event: 32.387 GC heap after
{Heap after GC invocations=46 (full 0):
 garbage-first heap   total 317440K, used 145408K [0x0000000080000000, 0x0000000100000000)
  region size 1024K, 3 young (3072K), 3 survivors (3072K)
 Metaspace       used 122673K, committed 123392K, reserved 1179648K
  class space    used 17579K, committed 17920K, reserved 1048576K
}
Event: 32.408 GC heap before
{Heap before GC invocations=46 (full 0):
 garbage-first heap   total 317440K, used 157696K [0x0000000080000000, 0x0000000100000000)
  region size 1024K, 15 young (15360K), 3 survivors (3072K)
 Metaspace       used 122920K, committed 123648K, reserved 1179648K
  class space    used 17639K, committed 17984K, reserved 1048576K
}
Event: 32.413 GC heap after
{Heap after GC invocations=47 (full 0):
 garbage-first heap   total 317440K, used 143125K [0x0000000080000000, 0x0000000100000000)
  region size 1024K, 1 young (1024K), 1 survivors (1024K)
 Metaspace       used 122920K, committed 123648K, reserved 1179648K
  class space    used 17639K, committed 17984K, reserved 1048576K
}
Event: 32.632 GC heap before
{Heap before GC invocations=47 (full 0):
 garbage-first heap   total 317440K, used 261909K [0x0000000080000000, 0x0000000100000000)
  region size 1024K, 118 young (120832K), 1 survivors (1024K)
 Metaspace       used 124469K, committed 125248K, reserved 1179648K
  class space    used 17952K, committed 18304K, reserved 1048576K
}

