# JRE version: OpenJDK Runtime Environment (17.0.7) (build 17.0.7+0-b2043.56-10550314)
# Java VM: OpenJDK 64-Bit Server VM (17.0.7+0-b2043.56-10550314, mixed mode, tiered, compressed oops, compressed class ptrs, g1 gc, windows-amd64)
GC Precious Log:
 CPUs: 12 total, 12 available
 Memory: 7967M
 Large Page Support: Disabled
 NUMA Support: Disabled
 Compressed Oops: Enabled (32-bit)
 Heap Region Size: 1M
 Heap Min Capacity: 8M
 Heap Initial Capacity: 126M
 Heap Max Capacity: 2G
 Pre-touch: Disabled
 Parallel Workers: 10
 Concurrent Workers: 3
 Concurrent Refinement Workers: 10
 Periodic GC: Disabled
Heap:
 garbage-first heap   total 80896K, used 27522K [0x0000000080000000, 0x0000000100000000)
  region size 1024K, 4 young (4096K), 4 survivors (4096K)
 Metaspace       used 41089K, committed 41408K, reserved 1114112K
  class space    used 5475K, committed 5632K, reserved 1048576K
GC Heap History (17 events):
Event: 0.770 GC heap before
{Heap before GC invocations=0 (full 0):
 garbage-first heap   total 129024K, used 26624K [0x0000000080000000, 0x0000000100000000)
  region size 1024K, 23 young (23552K), 0 survivors (0K)
 Metaspace       used 10466K, committed 10688K, reserved 1114112K
  class space    used 1088K, committed 1216K, reserved 1048576K
}
Event: 0.779 GC heap after
{Heap after GC invocations=1 (full 0):
 garbage-first heap   total 129024K, used 10613K [0x0000000080000000, 0x0000000100000000)
  region size 1024K, 3 young (3072K), 3 survivors (3072K)
 Metaspace       used 10466K, committed 10688K, reserved 1114112K
  class space    used 1088K, committed 1216K, reserved 1048576K
}
Event: 1.153 GC heap before
{Heap before GC invocations=1 (full 0):
 garbage-first heap   total 129024K, used 39285K [0x0000000080000000, 0x0000000100000000)
  region size 1024K, 30 young (30720K), 3 survivors (3072K)
 Metaspace       used 11432K, committed 11648K, reserved 1114112K
  class space    used 1193K, committed 1280K, reserved 1048576K
}
Event: 1.156 GC heap after
{Heap after GC invocations=2 (full 0):
 garbage-first heap   total 129024K, used 12772K [0x0000000080000000, 0x0000000100000000)
  region size 1024K, 3 young (3072K), 3 survivors (3072K)
 Metaspace       used 11432K, committed 11648K, reserved 1114112K
  class space    used 1193K, committed 1280K, reserved 1048576K
}
Event: 2.201 GC heap before
{Heap before GC invocations=2 (full 0):
 garbage-first heap   total 129024K, used 57828K [0x0000000080000000, 0x0000000100000000)
  region size 1024K, 48 young (49152K), 3 survivors (3072K)
 Metaspace       used 21271K, committed 21504K, reserved 1114112K
  class space    used 2574K, committed 2688K, reserved 1048576K
}
Event: 2.211 GC heap after
{Heap after GC invocations=3 (full 0):
 garbage-first heap   total 129024K, used 18362K [0x0000000080000000, 0x0000000100000000)
  region size 1024K, 8 young (8192K), 8 survivors (8192K)
 Metaspace       used 21271K, committed 21504K, reserved 1114112K
  class space    used 2574K, committed 2688K, reserved 1048576K
}
Event: 2.808 GC heap before
{Heap before GC invocations=4 (full 0):
 garbage-first heap   total 68608K, used 51130K [0x0000000080000000, 0x0000000100000000)
  region size 1024K, 40 young (40960K), 8 survivors (8192K)
 Metaspace       used 25941K, committed 26240K, reserved 1114112K
  class space    used 3395K, committed 3520K, reserved 1048576K
}
Event: 2.816 GC heap after
{Heap after GC invocations=5 (full 0):
 garbage-first heap   total 68608K, used 20446K [0x0000000080000000, 0x0000000100000000)
  region size 1024K, 3 young (3072K), 3 survivors (3072K)
 Metaspace       used 25941K, committed 26240K, reserved 1114112K
  class space    used 3395K, committed 3520K, reserved 1048576K
}
Event: 2.837 GC heap before
{Heap before GC invocations=5 (full 0):
 garbage-first heap   total 68608K, used 21470K [0x0000000080000000, 0x0000000100000000)
  region size 1024K, 4 young (4096K), 3 survivors (3072K)
 Metaspace       used 26114K, committed 26368K, reserved 1114112K
  class space    used 3419K, committed 3520K, reserved 1048576K
}
Event: 2.839 GC heap after
{Heap after GC invocations=6 (full 0):
 garbage-first heap   total 68608K, used 20686K [0x0000000080000000, 0x0000000100000000)
  region size 1024K, 1 young (1024K), 1 survivors (1024K)
 Metaspace       used 26114K, committed 26368K, reserved 1114112K
  class space    used 3419K, committed 3520K, reserved 1048576K
}
Event: 3.249 GC heap before
{Heap before GC invocations=6 (full 0):
 garbage-first heap   total 68608K, used 48334K [0x0000000080000000, 0x0000000100000000)
  region size 1024K, 28 young (28672K), 1 survivors (1024K)
 Metaspace       used 29886K, committed 30208K, reserved 1114112K
  class space    used 4035K, committed 4160K, reserved 1048576K
}
Event: 3.253 GC heap after
{Heap after GC invocations=7 (full 0):
 garbage-first heap   total 68608K, used 21708K [0x0000000080000000, 0x0000000100000000)
  region size 1024K, 2 young (2048K), 2 survivors (2048K)
 Metaspace       used 29886K, committed 30208K, reserved 1114112K
  class space    used 4035K, committed 4160K, reserved 1048576K
}
Event: 3.688 GC heap before
{Heap before GC invocations=7 (full 0):
 garbage-first heap   total 68608K, used 49356K [0x0000000080000000, 0x0000000100000000)
  region size 1024K, 30 young (30720K), 2 survivors (2048K)
 Metaspace       used 33734K, committed 34048K, reserved 1114112K
  class space    used 4645K, committed 4736K, reserved 1048576K
}
Event: 3.692 GC heap after
{Heap after GC invocations=8 (full 0):
 garbage-first heap   total 68608K, used 22884K [0x0000000080000000, 0x0000000100000000)
  region size 1024K, 3 young (3072K), 3 survivors (3072K)
 Metaspace       used 33734K, committed 34048K, reserved 1114112K
  class space    used 4645K, committed 4736K, reserved 1048576K
}
Event: 3.930 GC heap before
{Heap before GC invocations=8 (full 0):
 garbage-first heap   total 68608K, used 33124K [0x0000000080000000, 0x0000000100000000)
  region size 1024K, 14 young (14336K), 3 survivors (3072K)
 Metaspace       used 35610K, committed 35968K, reserved 1114112K
  class space    used 4945K, committed 5120K, reserved 1048576K
}
Event: 3.934 GC heap after
{Heap after GC invocations=9 (full 0):
 garbage-first heap   total 68608K, used 23974K [0x0000000080000000, 0x0000000100000000)
  region size 1024K, 3 young (3072K), 3 survivors (3072K)
 Metaspace       used 35610K, committed 35968K, reserved 1114112K
  class space    used 4945K, committed 5120K, reserved 1048576K
}
Event: 4.440 GC heap before
{Heap before GC invocations=10 (full 0):
 garbage-first heap   total 68608K, used 50598K [0x0000000080000000, 0x0000000100000000)
  region size 1024K, 30 young (30720K), 3 survivors (3072K)
 Metaspace       used 41089K, committed 41408K, reserved 1114112K
  class space    used 5475K, committed 5632K, reserved 1048576K
}

