# JRE version: OpenJDK Runtime Environment (17.0.7) (build 17.0.7+0-b2043.56-10550314)
# Java VM: OpenJDK 64-Bit Server VM (17.0.7+0-b2043.56-10550314, mixed mode, tiered, compressed oops, compressed class ptrs, g1 gc, windows-amd64)
GC Precious Log:
 CPUs: 12 total, 12 available
 Memory: 7967M
 Large Page Support: Disabled
 NUMA Support: Disabled
 Compressed Oops: Enabled (32-bit)
 Heap Region Size: 1M
 Heap Min Capacity: 8M
 Heap Initial Capacity: 126M
 Heap Max Capacity: 2G
 Pre-touch: Disabled
 Parallel Workers: 10
 Concurrent Workers: 3
 Concurrent Refinement Workers: 10
 Periodic GC: Disabled
Heap:
 garbage-first heap   total 369664K, used 147439K [0x0000000080000000, 0x0000000100000000)
  region size 1024K, 7 young (7168K), 7 survivors (7168K)
 Metaspace       used 130910K, committed 131776K, reserved 1179648K
  class space    used 18796K, committed 19200K, reserved 1048576K
GC Heap History (20 events):
Event: 11.696 GC heap after
{Heap after GC invocations=31 (full 0):
 garbage-first heap   total 176128K, used 94821K [0x0000000080000000, 0x0000000100000000)
  region size 1024K, 2 young (2048K), 2 survivors (2048K)
 Metaspace       used 97583K, committed 98176K, reserved 1179648K
  class space    used 13425K, committed 13696K, reserved 1048576K
}
Event: 12.025 GC heap before
{Heap before GC invocations=31 (full 0):
 garbage-first heap   total 176128K, used 149093K [0x0000000080000000, 0x0000000100000000)
  region size 1024K, 51 young (52224K), 2 survivors (2048K)
 Metaspace       used 99208K, committed 99840K, reserved 1179648K
  class space    used 13511K, committed 13824K, reserved 1048576K
}
Event: 12.035 GC heap after
{Heap after GC invocations=32 (full 0):
 garbage-first heap   total 369664K, used 102383K [0x0000000080000000, 0x0000000100000000)
  region size 1024K, 7 young (7168K), 7 survivors (7168K)
 Metaspace       used 99208K, committed 99840K, reserved 1179648K
  class space    used 13511K, committed 13824K, reserved 1048576K
}
Event: 14.298 GC heap before
{Heap before GC invocations=33 (full 0):
 garbage-first heap   total 368640K, used 306159K [0x0000000080000000, 0x0000000100000000)
  region size 1024K, 188 young (192512K), 7 survivors (7168K)
 Metaspace       used 107573K, committed 108288K, reserved 1179648K
  class space    used 14717K, committed 15040K, reserved 1048576K
}
Event: 14.317 GC heap after
{Heap after GC invocations=34 (full 0):
 garbage-first heap   total 368640K, used 111358K [0x0000000080000000, 0x0000000100000000)
  region size 1024K, 16 young (16384K), 16 survivors (16384K)
 Metaspace       used 107573K, committed 108288K, reserved 1179648K
  class space    used 14717K, committed 15040K, reserved 1048576K
}
Event: 14.325 GC heap before
{Heap before GC invocations=34 (full 0):
 garbage-first heap   total 368640K, used 112382K [0x0000000080000000, 0x0000000100000000)
  region size 1024K, 18 young (18432K), 16 survivors (16384K)
 Metaspace       used 107597K, committed 108352K, reserved 1179648K
  class space    used 14719K, committed 15040K, reserved 1048576K
}
Event: 14.338 GC heap after
{Heap after GC invocations=35 (full 0):
 garbage-first heap   total 368640K, used 113002K [0x0000000080000000, 0x0000000100000000)
  region size 1024K, 3 young (3072K), 3 survivors (3072K)
 Metaspace       used 107597K, committed 108352K, reserved 1179648K
  class space    used 14719K, committed 15040K, reserved 1048576K
}
Event: 15.594 GC heap before
{Heap before GC invocations=35 (full 0):
 garbage-first heap   total 368640K, used 285034K [0x0000000080000000, 0x0000000100000000)
  region size 1024K, 172 young (176128K), 3 survivors (3072K)
 Metaspace       used 114285K, committed 115136K, reserved 1179648K
  class space    used 15713K, committed 16128K, reserved 1048576K
}
Event: 15.612 GC heap after
{Heap after GC invocations=36 (full 0):
 garbage-first heap   total 368640K, used 124779K [0x0000000080000000, 0x0000000100000000)
  region size 1024K, 14 young (14336K), 14 survivors (14336K)
 Metaspace       used 114285K, committed 115136K, reserved 1179648K
  class space    used 15713K, committed 16128K, reserved 1048576K
}
Event: 16.355 GC heap before
{Heap before GC invocations=36 (full 0):
 garbage-first heap   total 368640K, used 288619K [0x0000000080000000, 0x0000000100000000)
  region size 1024K, 175 young (179200K), 14 survivors (14336K)
 Metaspace       used 125576K, committed 126400K, reserved 1179648K
  class space    used 17953K, committed 18368K, reserved 1048576K
}
Event: 16.386 GC heap after
{Heap after GC invocations=37 (full 0):
 garbage-first heap   total 368640K, used 141534K [0x0000000080000000, 0x0000000100000000)
  region size 1024K, 17 young (17408K), 17 survivors (17408K)
 Metaspace       used 125576K, committed 126400K, reserved 1179648K
  class space    used 17953K, committed 18368K, reserved 1048576K
}
Event: 16.710 GC heap before
{Heap before GC invocations=37 (full 0):
 garbage-first heap   total 368640K, used 293086K [0x0000000080000000, 0x0000000100000000)
  region size 1024K, 165 young (168960K), 17 survivors (17408K)
 Metaspace       used 127184K, committed 128064K, reserved 1179648K
  class space    used 18190K, committed 18624K, reserved 1048576K
}
Event: 16.723 GC heap after
{Heap after GC invocations=38 (full 0):
 garbage-first heap   total 368640K, used 143343K [0x0000000080000000, 0x0000000100000000)
  region size 1024K, 3 young (3072K), 3 survivors (3072K)
 Metaspace       used 127184K, committed 128064K, reserved 1179648K
  class space    used 18190K, committed 18624K, reserved 1048576K
}
Event: 16.989 GC heap before
{Heap before GC invocations=38 (full 0):
 garbage-first heap   total 368640K, used 302063K [0x0000000080000000, 0x0000000100000000)
  region size 1024K, 158 young (161792K), 3 survivors (3072K)
 Metaspace       used 128328K, committed 129216K, reserved 1179648K
  class space    used 18391K, committed 18816K, reserved 1048576K
}
Event: 16.994 GC heap after
{Heap after GC invocations=39 (full 0):
 garbage-first heap   total 368640K, used 142687K [0x0000000080000000, 0x0000000100000000)
  region size 1024K, 3 young (3072K), 3 survivors (3072K)
 Metaspace       used 128328K, committed 129216K, reserved 1179648K
  class space    used 18391K, committed 18816K, reserved 1048576K
}
Event: 17.298 GC heap before
{Heap before GC invocations=39 (full 0):
 garbage-first heap   total 368640K, used 304479K [0x0000000080000000, 0x0000000100000000)
  region size 1024K, 162 young (165888K), 3 survivors (3072K)
 Metaspace       used 130266K, committed 131200K, reserved 1179648K
  class space    used 18755K, committed 19200K, reserved 1048576K
}
Event: 17.304 GC heap after
{Heap after GC invocations=40 (full 0):
 garbage-first heap   total 368640K, used 146266K [0x0000000080000000, 0x0000000100000000)
  region size 1024K, 6 young (6144K), 6 survivors (6144K)
 Metaspace       used 130266K, committed 131200K, reserved 1179648K
  class space    used 18755K, committed 19200K, reserved 1048576K
}
Event: 17.585 GC heap before
{Heap before GC invocations=40 (full 0):
 garbage-first heap   total 368640K, used 308058K [0x0000000080000000, 0x0000000100000000)
  region size 1024K, 165 young (168960K), 6 survivors (6144K)
 Metaspace       used 130473K, committed 131392K, reserved 1179648K
  class space    used 18782K, committed 19200K, reserved 1048576K
}
Event: 17.594 GC heap after
{Heap after GC invocations=41 (full 0):
 garbage-first heap   total 368640K, used 147205K [0x0000000080000000, 0x0000000100000000)
  region size 1024K, 7 young (7168K), 7 survivors (7168K)
 Metaspace       used 130473K, committed 131392K, reserved 1179648K
  class space    used 18782K, committed 19200K, reserved 1048576K
}
Event: 17.861 GC heap before
{Heap before GC invocations=41 (full 0):
 garbage-first heap   total 368640K, used 310021K [0x0000000080000000, 0x0000000100000000)
  region size 1024K, 166 young (169984K), 7 survivors (7168K)
 Metaspace       used 130910K, committed 131776K, reserved 1179648K
  class space    used 18796K, committed 19200K, reserved 1048576K
}

