# JRE version: OpenJDK Runtime Environment (17.0.7) (build 17.0.7+0-b2043.56-10550314)
# Java VM: OpenJDK 64-Bit Server VM (17.0.7+0-b2043.56-10550314, mixed mode, tiered, compressed oops, compressed class ptrs, g1 gc, windows-amd64)
GC Precious Log:
 CPUs: 12 total, 12 available
 Memory: 7967M
 Large Page Support: Disabled
 NUMA Support: Disabled
 Compressed Oops: Enabled (32-bit)
 Heap Region Size: 1M
 Heap Min Capacity: 8M
 Heap Initial Capacity: 126M
 Heap Max Capacity: 2G
 Pre-touch: Disabled
 Parallel Workers: 10
 Concurrent Workers: 3
 Concurrent Refinement Workers: 10
 Periodic GC: Disabled
Heap:
 garbage-first heap   total 158720K, used 98299K [0x0000000080000000, 0x0000000100000000)
  region size 1024K, 3 young (3072K), 3 survivors (3072K)
 Metaspace       used 88241K, committed 88960K, reserved 1179648K
  class space    used 12354K, committed 12672K, reserved 1048576K
GC Heap History (20 events):
Event: 7.480 GC heap after
{Heap after GC invocations=22 (full 0):
 garbage-first heap   total 120832K, used 59930K [0x0000000080000000, 0x0000000100000000)
  region size 1024K, 6 young (6144K), 6 survivors (6144K)
 Metaspace       used 62393K, committed 62976K, reserved 1114112K
  class space    used 8466K, committed 8704K, reserved 1048576K
}
Event: 7.915 GC heap before
{Heap before GC invocations=22 (full 0):
 garbage-first heap   total 120832K, used 96794K [0x0000000080000000, 0x0000000100000000)
  region size 1024K, 43 young (44032K), 6 survivors (6144K)
 Metaspace       used 66394K, committed 66944K, reserved 1114112K
  class space    used 9440K, committed 9664K, reserved 1048576K
}
Event: 7.921 GC heap after
{Heap after GC invocations=23 (full 0):
 garbage-first heap   total 145408K, used 61959K [0x0000000080000000, 0x0000000100000000)
  region size 1024K, 3 young (3072K), 3 survivors (3072K)
 Metaspace       used 66394K, committed 66944K, reserved 1114112K
  class space    used 9440K, committed 9664K, reserved 1048576K
}
Event: 8.603 GC heap before
{Heap before GC invocations=24 (full 0):
 garbage-first heap   total 145408K, used 129543K [0x0000000080000000, 0x0000000100000000)
  region size 1024K, 56 young (57344K), 3 survivors (3072K)
 Metaspace       used 70389K, committed 70976K, reserved 1114112K
  class space    used 10003K, committed 10240K, reserved 1048576K
}
Event: 8.609 GC heap after
{Heap after GC invocations=25 (full 0):
 garbage-first heap   total 145408K, used 83996K [0x0000000080000000, 0x0000000100000000)
  region size 1024K, 7 young (7168K), 7 survivors (7168K)
 Metaspace       used 70389K, committed 70976K, reserved 1114112K
  class space    used 10003K, committed 10240K, reserved 1048576K
}
Event: 8.621 GC heap before
{Heap before GC invocations=25 (full 0):
 garbage-first heap   total 145408K, used 85020K [0x0000000080000000, 0x0000000100000000)
  region size 1024K, 8 young (8192K), 7 survivors (7168K)
 Metaspace       used 70487K, committed 71168K, reserved 1114112K
  class space    used 10015K, committed 10304K, reserved 1048576K
}
Event: 8.626 GC heap after
{Heap after GC invocations=26 (full 0):
 garbage-first heap   total 145408K, used 84158K [0x0000000080000000, 0x0000000100000000)
  region size 1024K, 1 young (1024K), 1 survivors (1024K)
 Metaspace       used 70487K, committed 71168K, reserved 1114112K
  class space    used 10015K, committed 10304K, reserved 1048576K
}
Event: 8.981 GC heap before
{Heap before GC invocations=26 (full 0):
 garbage-first heap   total 145408K, used 121022K [0x0000000080000000, 0x0000000100000000)
  region size 1024K, 37 young (37888K), 1 survivors (1024K)
 Metaspace       used 74539K, committed 75264K, reserved 1114112K
  class space    used 10436K, committed 10752K, reserved 1048576K
}
Event: 8.983 GC heap after
{Heap after GC invocations=27 (full 0):
 garbage-first heap   total 145408K, used 84819K [0x0000000080000000, 0x0000000100000000)
  region size 1024K, 2 young (2048K), 2 survivors (2048K)
 Metaspace       used 74539K, committed 75264K, reserved 1114112K
  class space    used 10436K, committed 10752K, reserved 1048576K
}
Event: 9.376 GC heap before
{Heap before GC invocations=28 (full 0):
 garbage-first heap   total 148480K, used 127827K [0x0000000080000000, 0x0000000100000000)
  region size 1024K, 38 young (38912K), 2 survivors (2048K)
 Metaspace       used 78586K, committed 79296K, reserved 1179648K
  class space    used 10999K, committed 11328K, reserved 1048576K
}
Event: 9.380 GC heap after
{Heap after GC invocations=29 (full 0):
 garbage-first heap   total 148480K, used 89356K [0x0000000080000000, 0x0000000100000000)
  region size 1024K, 5 young (5120K), 5 survivors (5120K)
 Metaspace       used 78586K, committed 79296K, reserved 1179648K
  class space    used 10999K, committed 11328K, reserved 1048576K
}
Event: 9.394 GC heap before
{Heap before GC invocations=29 (full 0):
 garbage-first heap   total 148480K, used 91404K [0x0000000080000000, 0x0000000100000000)
  region size 1024K, 7 young (7168K), 5 survivors (5120K)
 Metaspace       used 78709K, committed 79488K, reserved 1179648K
  class space    used 11032K, committed 11392K, reserved 1048576K
}
Event: 9.398 GC heap after
{Heap after GC invocations=30 (full 0):
 garbage-first heap   total 148480K, used 89737K [0x0000000080000000, 0x0000000100000000)
  region size 1024K, 1 young (1024K), 1 survivors (1024K)
 Metaspace       used 78709K, committed 79488K, reserved 1179648K
  class space    used 11032K, committed 11392K, reserved 1048576K
}
Event: 9.641 GC heap before
{Heap before GC invocations=30 (full 0):
 garbage-first heap   total 148480K, used 123529K [0x0000000080000000, 0x0000000100000000)
  region size 1024K, 34 young (34816K), 1 survivors (1024K)
 Metaspace       used 81306K, committed 81984K, reserved 1179648K
  class space    used 11380K, committed 11712K, reserved 1048576K
}
Event: 9.644 GC heap after
{Heap after GC invocations=31 (full 0):
 garbage-first heap   total 148480K, used 90943K [0x0000000080000000, 0x0000000100000000)
  region size 1024K, 2 young (2048K), 2 survivors (2048K)
 Metaspace       used 81306K, committed 81984K, reserved 1179648K
  class space    used 11380K, committed 11712K, reserved 1048576K
}
Event: 9.979 GC heap before
{Heap before GC invocations=32 (full 0):
 garbage-first heap   total 158720K, used 127807K [0x0000000080000000, 0x0000000100000000)
  region size 1024K, 34 young (34816K), 2 survivors (2048K)
 Metaspace       used 83982K, committed 84672K, reserved 1179648K
  class space    used 11770K, committed 12096K, reserved 1048576K
}
Event: 9.982 GC heap after
{Heap after GC invocations=33 (full 0):
 garbage-first heap   total 158720K, used 96599K [0x0000000080000000, 0x0000000100000000)
  region size 1024K, 4 young (4096K), 4 survivors (4096K)
 Metaspace       used 83982K, committed 84672K, reserved 1179648K
  class space    used 11770K, committed 12096K, reserved 1048576K
}
Event: 10.013 GC heap before
{Heap before GC invocations=33 (full 0):
 garbage-first heap   total 158720K, used 99671K [0x0000000080000000, 0x0000000100000000)
  region size 1024K, 7 young (7168K), 4 survivors (4096K)
 Metaspace       used 84235K, committed 84992K, reserved 1179648K
  class space    used 11799K, committed 12160K, reserved 1048576K
}
Event: 10.015 GC heap after
{Heap after GC invocations=34 (full 0):
 garbage-first heap   total 158720K, used 96550K [0x0000000080000000, 0x0000000100000000)
  region size 1024K, 1 young (1024K), 1 survivors (1024K)
 Metaspace       used 84235K, committed 84992K, reserved 1179648K
  class space    used 11799K, committed 12160K, reserved 1048576K
}
Event: 10.353 GC heap before
{Heap before GC invocations=34 (full 0):
 garbage-first heap   total 158720K, used 133414K [0x0000000080000000, 0x0000000100000000)
  region size 1024K, 37 young (37888K), 1 survivors (1024K)
 Metaspace       used 88241K, committed 88960K, reserved 1179648K
  class space    used 12354K, committed 12672K, reserved 1048576K
}

