# JRE version: OpenJDK Runtime Environment (17.0.7) (build 17.0.7+0-b2043.56-10550314)
# Java VM: OpenJDK 64-Bit Server VM (17.0.7+0-b2043.56-10550314, mixed mode, tiered, compressed oops, compressed class ptrs, g1 gc, windows-amd64)
GC Precious Log:
 CPUs: 12 total, 12 available
 Memory: 7967M
 Large Page Support: Disabled
 NUMA Support: Disabled
 Compressed Oops: Enabled (32-bit)
 Heap Region Size: 1M
 Heap Min Capacity: 8M
 Heap Initial Capacity: 126M
 Heap Max Capacity: 2G
 Pre-touch: Disabled
 Parallel Workers: 10
 Concurrent Workers: 3
 Concurrent Refinement Workers: 10
 Periodic GC: Disabled
Heap:
 garbage-first heap   total 184320K, used 143950K [0x0000000080000000, 0x0000000100000000)
  region size 1024K, 65 young (66560K), 2 survivors (2048K)
 Metaspace       used 88501K, committed 89152K, reserved 1179648K
  class space    used 12119K, committed 12416K, reserved 1048576K
GC Heap History (20 events):
Event: 7.529 GC heap before
{Heap before GC invocations=26 (full 0):
 garbage-first heap   total 110592K, used 76451K [0x0000000080000000, 0x0000000100000000)
  region size 1024K, 17 young (17408K), 1 survivors (1024K)
 Metaspace       used 57316K, committed 57792K, reserved 1114112K
  class space    used 7728K, committed 7936K, reserved 1048576K
}
Event: 7.530 GC heap after
{Heap after GC invocations=27 (full 0):
 garbage-first heap   total 110592K, used 60483K [0x0000000080000000, 0x0000000100000000)
  region size 1024K, 1 young (1024K), 1 survivors (1024K)
 Metaspace       used 57316K, committed 57792K, reserved 1114112K
  class space    used 7728K, committed 7936K, reserved 1048576K
}
Event: 7.732 GC heap before
{Heap before GC invocations=28 (full 0):
 garbage-first heap   total 110592K, used 77891K [0x0000000080000000, 0x0000000100000000)
  region size 1024K, 19 young (19456K), 1 survivors (1024K)
 Metaspace       used 59261K, committed 59776K, reserved 1114112K
  class space    used 7944K, committed 8192K, reserved 1048576K
}
Event: 7.734 GC heap after
{Heap after GC invocations=29 (full 0):
 garbage-first heap   total 110592K, used 60932K [0x0000000080000000, 0x0000000100000000)
  region size 1024K, 1 young (1024K), 1 survivors (1024K)
 Metaspace       used 59261K, committed 59776K, reserved 1114112K
  class space    used 7944K, committed 8192K, reserved 1048576K
}
Event: 7.775 GC heap before
{Heap before GC invocations=29 (full 0):
 garbage-first heap   total 110592K, used 64004K [0x0000000080000000, 0x0000000100000000)
  region size 1024K, 5 young (5120K), 1 survivors (1024K)
 Metaspace       used 59934K, committed 60480K, reserved 1114112K
  class space    used 8022K, committed 8256K, reserved 1048576K
}
Event: 7.777 GC heap after
{Heap after GC invocations=30 (full 0):
 garbage-first heap   total 153600K, used 60445K [0x0000000080000000, 0x0000000100000000)
  region size 1024K, 1 young (1024K), 1 survivors (1024K)
 Metaspace       used 59934K, committed 60480K, reserved 1114112K
  class space    used 8022K, committed 8256K, reserved 1048576K
}
Event: 8.253 GC heap before
{Heap before GC invocations=30 (full 0):
 garbage-first heap   total 153600K, used 102429K [0x0000000080000000, 0x0000000100000000)
  region size 1024K, 42 young (43008K), 1 survivors (1024K)
 Metaspace       used 65071K, committed 65664K, reserved 1114112K
  class space    used 8701K, committed 8960K, reserved 1048576K
}
Event: 8.256 GC heap after
{Heap after GC invocations=31 (full 0):
 garbage-first heap   total 153600K, used 62200K [0x0000000080000000, 0x0000000100000000)
  region size 1024K, 3 young (3072K), 3 survivors (3072K)
 Metaspace       used 65071K, committed 65664K, reserved 1114112K
  class space    used 8701K, committed 8960K, reserved 1048576K
}
Event: 8.711 GC heap before
{Heap before GC invocations=31 (full 0):
 garbage-first heap   total 153600K, used 112376K [0x0000000080000000, 0x0000000100000000)
  region size 1024K, 47 young (48128K), 3 survivors (3072K)
 Metaspace       used 68616K, committed 69248K, reserved 1114112K
  class space    used 9149K, committed 9472K, reserved 1048576K
}
Event: 8.717 GC heap after
{Heap after GC invocations=32 (full 0):
 garbage-first heap   total 153600K, used 67214K [0x0000000080000000, 0x0000000100000000)
  region size 1024K, 6 young (6144K), 6 survivors (6144K)
 Metaspace       used 68616K, committed 69248K, reserved 1114112K
  class space    used 9149K, committed 9472K, reserved 1048576K
}
Event: 9.208 GC heap before
{Heap before GC invocations=32 (full 0):
 garbage-first heap   total 153600K, used 115342K [0x0000000080000000, 0x0000000100000000)
  region size 1024K, 49 young (50176K), 6 survivors (6144K)
 Metaspace       used 72290K, committed 72896K, reserved 1114112K
  class space    used 9669K, committed 9984K, reserved 1048576K
}
Event: 9.214 GC heap after
{Heap after GC invocations=33 (full 0):
 garbage-first heap   total 153600K, used 74064K [0x0000000080000000, 0x0000000100000000)
  region size 1024K, 3 young (3072K), 3 survivors (3072K)
 Metaspace       used 72290K, committed 72896K, reserved 1114112K
  class space    used 9669K, committed 9984K, reserved 1048576K
}
Event: 9.693 GC heap before
{Heap before GC invocations=33 (full 0):
 garbage-first heap   total 153600K, used 116048K [0x0000000080000000, 0x0000000100000000)
  region size 1024K, 44 young (45056K), 3 survivors (3072K)
 Metaspace       used 76642K, committed 77312K, reserved 1179648K
  class space    used 10268K, committed 10560K, reserved 1048576K
}
Event: 9.698 GC heap after
{Heap after GC invocations=34 (full 0):
 garbage-first heap   total 153600K, used 76453K [0x0000000080000000, 0x0000000100000000)
  region size 1024K, 6 young (6144K), 6 survivors (6144K)
 Metaspace       used 76642K, committed 77312K, reserved 1179648K
  class space    used 10268K, committed 10560K, reserved 1048576K
}
Event: 10.126 GC heap before
{Heap before GC invocations=35 (full 0):
 garbage-first heap   total 153600K, used 118437K [0x0000000080000000, 0x0000000100000000)
  region size 1024K, 47 young (48128K), 6 survivors (6144K)
 Metaspace       used 79149K, committed 79744K, reserved 1179648K
  class space    used 10600K, committed 10880K, reserved 1048576K
}
Event: 10.132 GC heap after
{Heap after GC invocations=36 (full 0):
 garbage-first heap   total 184320K, used 79140K [0x0000000080000000, 0x0000000100000000)
  region size 1024K, 6 young (6144K), 6 survivors (6144K)
 Metaspace       used 79149K, committed 79744K, reserved 1179648K
  class space    used 10600K, committed 10880K, reserved 1048576K
}
Event: 10.149 GC heap before
{Heap before GC invocations=36 (full 0):
 garbage-first heap   total 184320K, used 81188K [0x0000000080000000, 0x0000000100000000)
  region size 1024K, 9 young (9216K), 6 survivors (6144K)
 Metaspace       used 79159K, committed 79744K, reserved 1179648K
  class space    used 10600K, committed 10880K, reserved 1048576K
}
Event: 10.153 GC heap after
{Heap after GC invocations=37 (full 0):
 garbage-first heap   total 184320K, used 79078K [0x0000000080000000, 0x0000000100000000)
  region size 1024K, 1 young (1024K), 1 survivors (1024K)
 Metaspace       used 79159K, committed 79744K, reserved 1179648K
  class space    used 10600K, committed 10880K, reserved 1048576K
}
Event: 11.249 GC heap before
{Heap before GC invocations=37 (full 0):
 garbage-first heap   total 184320K, used 142566K [0x0000000080000000, 0x0000000100000000)
  region size 1024K, 63 young (64512K), 1 survivors (1024K)
 Metaspace       used 83829K, committed 84480K, reserved 1179648K
  class space    used 11357K, committed 11648K, reserved 1048576K
}
Event: 11.252 GC heap after
{Heap after GC invocations=38 (full 0):
 garbage-first heap   total 184320K, used 80462K [0x0000000080000000, 0x0000000100000000)
  region size 1024K, 2 young (2048K), 2 survivors (2048K)
 Metaspace       used 83829K, committed 84480K, reserved 1179648K
  class space    used 11357K, committed 11648K, reserved 1048576K
}

