# JRE version: OpenJDK Runtime Environment (17.0.7) (build 17.0.7+0-b2043.56-10550314)
# Java VM: OpenJDK 64-Bit Server VM (17.0.7+0-b2043.56-10550314, mixed mode, tiered, compressed oops, compressed class ptrs, g1 gc, windows-amd64)
GC Precious Log:
 CPUs: 12 total, 12 available
 Memory: 7967M
 Large Page Support: Disabled
 NUMA Support: Disabled
 Compressed Oops: Enabled (32-bit)
 Heap Region Size: 1M
 Heap Min Capacity: 8M
 Heap Initial Capacity: 126M
 Heap Max Capacity: 2G
 Pre-touch: Disabled
 Parallel Workers: 10
 Concurrent Workers: 3
 Concurrent Refinement Workers: 10
 Periodic GC: Disabled
Heap:
 garbage-first heap   total 315392K, used 142434K [0x0000000080000000, 0x0000000100000000)
  region size 1024K, 7 young (7168K), 7 survivors (7168K)
 Metaspace       used 123504K, committed 124288K, reserved 1179648K
  class space    used 17835K, committed 18176K, reserved 1048576K
GC Heap History (20 events):
Event: 10.960 GC heap after
{Heap after GC invocations=32 (full 0):
 garbage-first heap   total 193536K, used 94338K [0x0000000080000000, 0x0000000100000000)
  region size 1024K, 10 young (10240K), 10 survivors (10240K)
 Metaspace       used 97660K, committed 98304K, reserved 1179648K
  class space    used 13430K, committed 13760K, reserved 1048576K
}
Event: 11.213 GC heap before
{Heap before GC invocations=32 (full 0):
 garbage-first heap   total 193536K, used 135298K [0x0000000080000000, 0x0000000100000000)
  region size 1024K, 52 young (53248K), 10 survivors (10240K)
 Metaspace       used 98554K, committed 99136K, reserved 1179648K
  class space    used 13500K, committed 13760K, reserved 1048576K
}
Event: 11.226 GC heap after
{Heap after GC invocations=33 (full 0):
 garbage-first heap   total 193536K, used 102438K [0x0000000080000000, 0x0000000100000000)
  region size 1024K, 8 young (8192K), 8 survivors (8192K)
 Metaspace       used 98554K, committed 99136K, reserved 1179648K
  class space    used 13500K, committed 13760K, reserved 1048576K
}
Event: 11.743 GC heap before
{Heap before GC invocations=34 (full 0):
 garbage-first heap   total 193536K, used 157734K [0x0000000080000000, 0x0000000100000000)
  region size 1024K, 58 young (59392K), 8 survivors (8192K)
 Metaspace       used 101543K, committed 102208K, reserved 1179648K
  class space    used 14002K, committed 14336K, reserved 1048576K
}
Event: 11.754 GC heap after
{Heap after GC invocations=35 (full 0):
 garbage-first heap   total 193536K, used 107493K [0x0000000080000000, 0x0000000100000000)
  region size 1024K, 5 young (5120K), 5 survivors (5120K)
 Metaspace       used 101543K, committed 102208K, reserved 1179648K
  class space    used 14002K, committed 14336K, reserved 1048576K
}
Event: 11.779 GC heap before
{Heap before GC invocations=35 (full 0):
 garbage-first heap   total 193536K, used 110565K [0x0000000080000000, 0x0000000100000000)
  region size 1024K, 9 young (9216K), 5 survivors (5120K)
 Metaspace       used 101561K, committed 102208K, reserved 1179648K
  class space    used 14002K, committed 14336K, reserved 1048576K
}
Event: 11.785 GC heap after
{Heap after GC invocations=36 (full 0):
 garbage-first heap   total 193536K, used 108418K [0x0000000080000000, 0x0000000100000000)
  region size 1024K, 1 young (1024K), 1 survivors (1024K)
 Metaspace       used 101561K, committed 102208K, reserved 1179648K
  class space    used 14002K, committed 14336K, reserved 1048576K
}
Event: 12.119 GC heap before
{Heap before GC invocations=36 (full 0):
 garbage-first heap   total 193536K, used 156546K [0x0000000080000000, 0x0000000100000000)
  region size 1024K, 49 young (50176K), 1 survivors (1024K)
 Metaspace       used 102016K, committed 102720K, reserved 1179648K
  class space    used 14040K, committed 14400K, reserved 1048576K
}
Event: 12.127 GC heap after
{Heap after GC invocations=37 (full 0):
 garbage-first heap   total 315392K, used 111299K [0x0000000080000000, 0x0000000100000000)
  region size 1024K, 4 young (4096K), 4 survivors (4096K)
 Metaspace       used 102016K, committed 102720K, reserved 1179648K
  class space    used 14040K, committed 14400K, reserved 1048576K
}
Event: 13.359 GC heap before
{Heap before GC invocations=38 (full 0):
 garbage-first heap   total 315392K, used 250563K [0x0000000080000000, 0x0000000100000000)
  region size 1024K, 141 young (144384K), 4 survivors (4096K)
 Metaspace       used 107188K, committed 107904K, reserved 1179648K
  class space    used 14812K, committed 15168K, reserved 1048576K
}
Event: 13.374 GC heap after
{Heap after GC invocations=39 (full 0):
 garbage-first heap   total 315392K, used 123551K [0x0000000080000000, 0x0000000100000000)
  region size 1024K, 16 young (16384K), 16 survivors (16384K)
 Metaspace       used 107188K, committed 107904K, reserved 1179648K
  class space    used 14812K, committed 15168K, reserved 1048576K
}
Event: 13.386 GC heap before
{Heap before GC invocations=39 (full 0):
 garbage-first heap   total 315392K, used 123551K [0x0000000080000000, 0x0000000100000000)
  region size 1024K, 17 young (17408K), 16 survivors (16384K)
 Metaspace       used 107326K, committed 108032K, reserved 1179648K
  class space    used 14834K, committed 15168K, reserved 1048576K
}
Event: 13.396 GC heap after
{Heap after GC invocations=40 (full 0):
 garbage-first heap   total 315392K, used 124291K [0x0000000080000000, 0x0000000100000000)
  region size 1024K, 2 young (2048K), 2 survivors (2048K)
 Metaspace       used 107326K, committed 108032K, reserved 1179648K
  class space    used 14834K, committed 15168K, reserved 1048576K
}
Event: 14.067 GC heap before
{Heap before GC invocations=40 (full 0):
 garbage-first heap   total 315392K, used 246147K [0x0000000080000000, 0x0000000100000000)
  region size 1024K, 122 young (124928K), 2 survivors (2048K)
 Metaspace       used 115868K, committed 116672K, reserved 1179648K
  class space    used 16453K, committed 16832K, reserved 1048576K
}
Event: 14.085 GC heap after
{Heap after GC invocations=41 (full 0):
 garbage-first heap   total 315392K, used 136222K [0x0000000080000000, 0x0000000100000000)
  region size 1024K, 14 young (14336K), 14 survivors (14336K)
 Metaspace       used 115868K, committed 116672K, reserved 1179648K
  class space    used 16453K, committed 16832K, reserved 1048576K
}
Event: 14.542 GC heap before
{Heap before GC invocations=41 (full 0):
 garbage-first heap   total 315392K, used 245790K [0x0000000080000000, 0x0000000100000000)
  region size 1024K, 122 young (124928K), 14 survivors (14336K)
 Metaspace       used 121045K, committed 121856K, reserved 1179648K
  class space    used 17469K, committed 17856K, reserved 1048576K
}
Event: 14.558 GC heap after
{Heap after GC invocations=42 (full 0):
 garbage-first heap   total 315392K, used 141503K [0x0000000080000000, 0x0000000100000000)
  region size 1024K, 6 young (6144K), 6 survivors (6144K)
 Metaspace       used 121045K, committed 121856K, reserved 1179648K
  class space    used 17469K, committed 17856K, reserved 1048576K
}
Event: 14.790 GC heap before
{Heap before GC invocations=42 (full 0):
 garbage-first heap   total 315392K, used 252095K [0x0000000080000000, 0x0000000100000000)
  region size 1024K, 115 young (117760K), 6 survivors (6144K)
 Metaspace       used 122340K, committed 123136K, reserved 1179648K
  class space    used 17681K, committed 18048K, reserved 1048576K
}
Event: 14.796 GC heap after
{Heap after GC invocations=43 (full 0):
 garbage-first heap   total 315392K, used 141501K [0x0000000080000000, 0x0000000100000000)
  region size 1024K, 6 young (6144K), 6 survivors (6144K)
 Metaspace       used 122340K, committed 123136K, reserved 1179648K
  class space    used 17681K, committed 18048K, reserved 1048576K
}
Event: 14.989 GC heap before
{Heap before GC invocations=43 (full 0):
 garbage-first heap   total 315392K, used 259261K [0x0000000080000000, 0x0000000100000000)
  region size 1024K, 121 young (123904K), 6 survivors (6144K)
 Metaspace       used 123504K, committed 124288K, reserved 1179648K
  class space    used 17835K, committed 18176K, reserved 1048576K
}

