# JRE version: OpenJDK Runtime Environment (17.0.7) (build 17.0.7+0-b2043.56-10550314)
# Java VM: OpenJDK 64-Bit Server VM (17.0.7+0-b2043.56-10550314, mixed mode, tiered, compressed oops, compressed class ptrs, g1 gc, windows-amd64)
GC Precious Log:
 CPUs: 12 total, 12 available
 Memory: 7967M
 Large Page Support: Disabled
 NUMA Support: Disabled
 Compressed Oops: Enabled (32-bit)
 Heap Region Size: 1M
 Heap Min Capacity: 8M
 Heap Initial Capacity: 126M
 Heap Max Capacity: 2G
 Pre-touch: Disabled
 Parallel Workers: 10
 Concurrent Workers: 3
 Concurrent Refinement Workers: 10
 Periodic GC: Disabled
Heap:
 garbage-first heap   total 358400K, used 268853K [0x0000000080000000, 0x0000000100000000)
  region size 1024K, 5 young (5120K), 5 survivors (5120K)
 Metaspace       used 132609K, committed 133824K, reserved 1179648K
  class space    used 17453K, committed 18048K, reserved 1048576K
GC Heap History (20 events):
Event: 32.958 GC heap after
{Heap after GC invocations=65 (full 0):
 garbage-first heap   total 358400K, used 190101K [0x0000000080000000, 0x0000000100000000)
  region size 1024K, 5 young (5120K), 5 survivors (5120K)
 Metaspace       used 101100K, committed 101888K, reserved 1179648K
  class space    used 13729K, committed 14080K, reserved 1048576K
}
Event: 33.175 GC heap before
{Heap before GC invocations=65 (full 0):
 garbage-first heap   total 358400K, used 202389K [0x0000000080000000, 0x0000000100000000)
  region size 1024K, 17 young (17408K), 5 survivors (5120K)
 Metaspace       used 102554K, committed 103360K, reserved 1179648K
  class space    used 13944K, committed 14272K, reserved 1048576K
}
Event: 33.180 GC heap after
{Heap after GC invocations=66 (full 0):
 garbage-first heap   total 358400K, used 190412K [0x0000000080000000, 0x0000000100000000)
  region size 1024K, 1 young (1024K), 1 survivors (1024K)
 Metaspace       used 102554K, committed 103360K, reserved 1179648K
  class space    used 13944K, committed 14272K, reserved 1048576K
}
Event: 34.888 GC heap before
{Heap before GC invocations=66 (full 0):
 garbage-first heap   total 358400K, used 275404K [0x0000000080000000, 0x0000000100000000)
  region size 1024K, 84 young (86016K), 1 survivors (1024K)
 Metaspace       used 110606K, committed 111488K, reserved 1179648K
  class space    used 14989K, committed 15424K, reserved 1048576K
}
Event: 34.898 GC heap after
{Heap after GC invocations=67 (full 0):
 garbage-first heap   total 358400K, used 195138K [0x0000000080000000, 0x0000000100000000)
  region size 1024K, 6 young (6144K), 6 survivors (6144K)
 Metaspace       used 110606K, committed 111488K, reserved 1179648K
  class space    used 14989K, committed 15424K, reserved 1048576K
}
Event: 35.931 GC heap before
{Heap before GC invocations=67 (full 0):
 garbage-first heap   total 358400K, used 290370K [0x0000000080000000, 0x0000000100000000)
  region size 1024K, 99 young (101376K), 6 survivors (6144K)
 Metaspace       used 113091K, committed 113984K, reserved 1179648K
  class space    used 15258K, committed 15680K, reserved 1048576K
}
Event: 35.947 GC heap after
{Heap after GC invocations=68 (full 0):
 garbage-first heap   total 358400K, used 201535K [0x0000000080000000, 0x0000000100000000)
  region size 1024K, 12 young (12288K), 12 survivors (12288K)
 Metaspace       used 113091K, committed 113984K, reserved 1179648K
  class space    used 15258K, committed 15680K, reserved 1048576K
}
Event: 37.249 GC heap before
{Heap before GC invocations=68 (full 0):
 garbage-first heap   total 358400K, used 293695K [0x0000000080000000, 0x0000000100000000)
  region size 1024K, 103 young (105472K), 12 survivors (12288K)
 Metaspace       used 121075K, committed 122176K, reserved 1179648K
  class space    used 16228K, committed 16768K, reserved 1048576K
}
Event: 37.268 GC heap after
{Heap after GC invocations=69 (full 0):
 garbage-first heap   total 358400K, used 208104K [0x0000000080000000, 0x0000000100000000)
  region size 1024K, 13 young (13312K), 13 survivors (13312K)
 Metaspace       used 121075K, committed 122176K, reserved 1179648K
  class space    used 16228K, committed 16768K, reserved 1048576K
}
Event: 69.841 GC heap before
{Heap before GC invocations=69 (full 0):
 garbage-first heap   total 358400K, used 297192K [0x0000000080000000, 0x0000000100000000)
  region size 1024K, 101 young (103424K), 13 survivors (13312K)
 Metaspace       used 124412K, committed 125568K, reserved 1179648K
  class space    used 16547K, committed 17088K, reserved 1048576K
}
Event: 69.869 GC heap after
{Heap after GC invocations=70 (full 0):
 garbage-first heap   total 358400K, used 215266K [0x0000000080000000, 0x0000000100000000)
  region size 1024K, 13 young (13312K), 13 survivors (13312K)
 Metaspace       used 124412K, committed 125568K, reserved 1179648K
  class space    used 16547K, committed 17088K, reserved 1048576K
}
Event: 70.782 GC heap before
{Heap before GC invocations=70 (full 0):
 garbage-first heap   total 358400K, used 298210K [0x0000000080000000, 0x0000000100000000)
  region size 1024K, 95 young (97280K), 13 survivors (13312K)
 Metaspace       used 126599K, committed 127808K, reserved 1179648K
  class space    used 16864K, committed 17472K, reserved 1048576K
}
Event: 70.816 GC heap after
{Heap after GC invocations=71 (full 0):
 garbage-first heap   total 358400K, used 227508K [0x0000000080000000, 0x0000000100000000)
  region size 1024K, 12 young (12288K), 12 survivors (12288K)
 Metaspace       used 126599K, committed 127808K, reserved 1179648K
  class space    used 16864K, committed 17472K, reserved 1048576K
}
Event: 72.164 GC heap before
{Heap before GC invocations=71 (full 0):
 garbage-first heap   total 358400K, used 307380K [0x0000000080000000, 0x0000000100000000)
  region size 1024K, 82 young (83968K), 12 survivors (12288K)
 Metaspace       used 129503K, committed 130688K, reserved 1179648K
  class space    used 17186K, committed 17792K, reserved 1048576K
}
Event: 72.190 GC heap after
{Heap after GC invocations=72 (full 0):
 garbage-first heap   total 358400K, used 249273K [0x0000000080000000, 0x0000000100000000)
  region size 1024K, 11 young (11264K), 11 survivors (11264K)
 Metaspace       used 129503K, committed 130688K, reserved 1179648K
  class space    used 17186K, committed 17792K, reserved 1048576K
}
Event: 72.807 GC heap before
{Heap before GC invocations=72 (full 0):
 garbage-first heap   total 358400K, used 300473K [0x0000000080000000, 0x0000000100000000)
  region size 1024K, 54 young (55296K), 11 survivors (11264K)
 Metaspace       used 130064K, committed 131264K, reserved 1179648K
  class space    used 17233K, committed 17792K, reserved 1048576K
}
Event: 72.828 GC heap after
{Heap after GC invocations=73 (full 0):
 garbage-first heap   total 358400K, used 259416K [0x0000000080000000, 0x0000000100000000)
  region size 1024K, 7 young (7168K), 7 survivors (7168K)
 Metaspace       used 130064K, committed 131264K, reserved 1179648K
  class space    used 17233K, committed 17792K, reserved 1048576K
}
Event: 73.111 GC heap before
{Heap before GC invocations=73 (full 0):
 garbage-first heap   total 358400K, used 313688K [0x0000000080000000, 0x0000000100000000)
  region size 1024K, 44 young (45056K), 7 survivors (7168K)
 Metaspace       used 130497K, committed 131712K, reserved 1179648K
  class space    used 17271K, committed 17856K, reserved 1048576K
}
Event: 73.121 GC heap after
{Heap after GC invocations=74 (full 0):
 garbage-first heap   total 358400K, used 264348K [0x0000000080000000, 0x0000000100000000)
  region size 1024K, 5 young (5120K), 5 survivors (5120K)
 Metaspace       used 130497K, committed 131712K, reserved 1179648K
  class space    used 17271K, committed 17856K, reserved 1048576K
}
Event: 73.362 GC heap before
{Heap before GC invocations=74 (full 0):
 garbage-first heap   total 358400K, used 300188K [0x0000000080000000, 0x0000000100000000)
  region size 1024K, 41 young (41984K), 5 survivors (5120K)
 Metaspace       used 132609K, committed 133824K, reserved 1179648K
  class space    used 17453K, committed 18048K, reserved 1048576K
}

